#
# A fatal error has been detected by the Java Runtime Environment:
#
#  EXCEPTION_ACCESS_VIOLATION (0xc0000005) at pc=0x00007ffe98f02c4c, pid=22192, tid=29564
#
# JRE version: Java(TM) SE Runtime Environment (19.0.1+10) (build 19.0.1+10-21)
# Java VM: Java HotSpot(TM) 64-Bit Server VM (19.0.1+10-21, mixed mode, sharing, tiered, compressed oops, compressed class ptrs, g1 gc, windows-amd64)
# Problematic frame:
# C  [igxelpicd64.dll+0x282c4c]
#
# No core dump will be written. Minidumps are not enabled by default on client versions of Windows
#
# If you would like to submit a bug report, please visit:
#   https://bugreport.java.com/bugreport/crash.jsp
#

---------------  S U M M A R Y ------------

Command Line: C:\Users\sethr\VSCode\Portfolio\client\public\projects\Crystal Simulator\sim.jar

Host: 11th Gen Intel(R) Core(TM) i7-1165G7 @ 2.80GHz, 8 cores, 15G,  Windows 10 , 64 bit Build 19041 (10.0.19041.2364)
Time: Sun Dec 25 10:28:07 2022 Eastern Standard Time elapsed time: 4.349318 seconds (0d 0h 0m 4s)

---------------  T H R E A D  ---------------

Current thread (0x00000202d1f57a00):  VMThread "VM Thread" [stack: 0x0000006fe0700000,0x0000006fe0800000] [id=29564]

Stack: [0x0000006fe0700000,0x0000006fe0800000],  sp=0x0000006fe07fe3d0,  free space=1016k
Native frames: (J=compiled Java code, j=interpreted, Vv=VM code, C=native code)
C  [igxelpicd64.dll+0x282c4c]


siginfo: EXCEPTION_ACCESS_VIOLATION (0xc0000005), reading address 0x00000000000356f8


Registers:
RAX=0x00000202ddd3b890, RBX=0x00000202d6a53870, RCX=0x0000000000000000, RDX=0x0000000000000002
RSP=0x0000006fe07fe3d0, RBP=0x0000000000000016, RSI=0x00000202d624c9e0, RDI=0x0000000000000000
R8 =0x0000000000000014, R9 =0x0000000000000000, R10=0x0000000000000000, R11=0x0000000000000246
R12=0x00000202ddd3bcc8, R13=0x0000000000000000, R14=0x00000202ddd3b700, R15=0x0000000000000000
RIP=0x00007ffe98f02c4c, EFLAGS=0x0000000000010206


Register to memory mapping:

RIP=0x00007ffe98f02c4c igxelpicd64.dll
RAX=0x00000202ddd3b890 points into unknown readable memory: 0x0000000000001886 | 86 18 00 00 00 00 00 00
RBX=0x00000202d6a53870 points into unknown readable memory: 0xffffffffffffffff | ff ff ff ff ff ff ff ff
RCX=0x0 is NULL
RDX=0x0000000000000002 is an unknown value
RSP=0x0000006fe07fe3d0 points into unknown readable memory: 0x00000202d6a53870 | 70 38 a5 d6 02 02 00 00
RBP=0x0000000000000016 is an unknown value
RSI=0x00000202d624c9e0 points into unknown readable memory: 0x4949281700016500 | 00 65 01 00 17 28 49 49
RDI=0x0 is NULL
R8 =0x0000000000000014 is an unknown value
R9 =0x0 is NULL
R10=0x0 is NULL
R11=0x0000000000000246 is an unknown value
R12=0x00000202ddd3bcc8 points into unknown readable memory: 0x00000202ddd3e330 | 30 e3 d3 dd 02 02 00 00
R13=0x0 is NULL
R14=0x00000202ddd3b700 points into unknown readable memory: 0x00000202d6a6aca0 | a0 ac a6 d6 02 02 00 00
R15=0x0 is NULL


Top of Stack: (sp=0x0000006fe07fe3d0)
0x0000006fe07fe3d0:   00000202d6a53870 00007fff58c6d499
0x0000006fe07fe3e0:   0000006fe07fe468 0000000000000000
0x0000006fe07fe3f0:   0000000000000054 00000202d6a53870
0x0000006fe07fe400:   0000006fe07fe620 00007fff5aab0ef4
0x0000006fe07fe410:   0000006fe07fe580 0000000000000000
0x0000006fe07fe420:   00000202ac9f0b44 00000202dce06eb8
0x0000006fe07fe430:   0000000000001898 0000000000000000
0x0000006fe07fe440:   0000000000000015 0000000000000000
0x0000006fe07fe450:   0000000000000000 0000006fe07fe570
0x0000006fe07fe460:   00000202d624c9e0 00007ffe98d3769c
0x0000006fe07fe470:   0000020200000016 00000202ddd3e330
0x0000006fe07fe480:   0000006fdfcc5000 00007fff5aa2d200
0x0000006fe07fe490:   0000006f000009e4 0000b802196a0000
0x0000006fe07fe4a0:   0000000000000000 00000202ac9e0000
0x0000006fe07fe4b0:   00007fff5aa779d0 00000004f46857d4
0x0000006fe07fe4c0:   00000000000004b4 00000202ac9e1c04 

Instructions: (pc=0x00007ffe98f02c4c)
0x00007ffe98f02b4c:   41 bf 20 00 00 00 48 8b 04 38 4d 8b 3c 07 0f b6
0x00007ffe98f02b5c:   bc 24 b0 00 00 00 4c 3b 3d d7 f8 cb 00 41 0f 44
0x00007ffe98f02b6c:   e9 89 ac 24 a0 00 00 00 48 85 c9 0f 84 d4 07 00
0x00007ffe98f02b7c:   00 0f 1f 00 4c 8b f1 4c 8d a1 c8 05 00 00 49 8b
0x00007ffe98f02b8c:   04 24 48 89 84 24 a8 00 00 00 40 84 ff 74 10 48
0x00007ffe98f02b9c:   8b d1 48 8b 09 e8 ea 8d e3 ff e9 4f 07 00 00 8b
0x00007ffe98f02bac:   96 d0 01 00 00 48 8b 05 58 dd bb 00 83 b8 64 03
0x00007ffe98f02bbc:   00 00 02 0f 85 19 02 00 00 83 fa 10 73 0e 48 8d
0x00007ffe98f02bcc:   42 04 48 8d 04 c2 48 8d 04 c1 eb 60 8d 4a f0 8b
0x00007ffe98f02bdc:   c1 c1 e8 04 83 f8 03 73 1d 0f ae e8 83 e1 0f 4d
0x00007ffe98f02bec:   8b 84 c6 80 05 00 00 4d 85 c0 74 25 48 8d 0c c9
0x00007ffe98f02bfc:   49 8d 04 c8 eb 36 49 8b 86 98 05 00 00 48 85 c0
0x00007ffe98f02c0c:   74 0f 66 90 39 10 74 2f 48 8b 40 50 48 85 c0 75
0x00007ffe98f02c1c:   f3 41 80 be a0 05 00 00 00 74 22 8b c2 83 e0 0f
0x00007ffe98f02c2c:   48 8d 04 c0 48 8d 40 20 49 8d 04 c6 48 85 c0 74
0x00007ffe98f02c3c:   0c 48 8b 48 08 eb 09 48 83 c0 08 eb ef 49 8b c9
0x00007ffe98f02c4c:   49 3b 8f f8 56 03 00 0f 86 85 01 00 00 83 fa 10
0x00007ffe98f02c5c:   73 0a 48 8d 42 04 48 8d 04 c2 eb 5c 8d 4a f0 8b
0x00007ffe98f02c6c:   c1 c1 e8 04 83 f8 03 73 1d 0f ae e8 83 e1 0f 4d
0x00007ffe98f02c7c:   8b 84 c6 80 05 00 00 4d 85 c0 74 25 48 8d 0c c9
0x00007ffe98f02c8c:   49 8d 04 c8 eb 36 49 8b 86 98 05 00 00 48 85 c0
0x00007ffe98f02c9c:   74 0f 66 90 39 10 74 2f 48 8b 40 50 48 85 c0 75
0x00007ffe98f02cac:   f3 41 80 be a0 05 00 00 00 74 22 8b c2 83 e0 0f
0x00007ffe98f02cbc:   48 8d 04 c0 48 8d 40 20 49 8d 04 c6 48 85 c0 74
0x00007ffe98f02ccc:   0c 48 8b 48 08 eb 09 48 83 c0 08 eb ef 49 8b c9
0x00007ffe98f02cdc:   49 3b 8e 40 06 00 00 0f 86 f5 00 00 00 48 8b 86
0x00007ffe98f02cec:   80 02 00 00 49 89 04 24 4c 89 b6 80 02 00 00 ff
0x00007ffe98f02cfc:   86 88 02 00 00 ba 01 00 00 00 49 8b 4e 08 e8 41
0x00007ffe98f02d0c:   28 59 00 0f b7 c8 48 2b c1 48 05 00 00 01 00 48
0x00007ffe98f02d1c:   01 86 90 02 00 00 ba 01 00 00 00 49 8b 4e 08 e8
0x00007ffe98f02d2c:   20 28 59 00 48 01 86 a0 02 00 00 85 ed 74 75 49
0x00007ffe98f02d3c:   8b 9f 58 4f 03 00 0f 57 c0 f3 0f 7f 44 24 30 c7 


Stack slot to memory mapping:
stack at sp + 0 slots: 0x00000202d6a53870 points into unknown readable memory: 0xffffffffffffffff | ff ff ff ff ff ff ff ff
stack at sp + 1 slots: 0x00007fff58c6d499 USER32.dll
stack at sp + 2 slots: 0x0000006fe07fe468 points into unknown readable memory: 0x00007ffe98d3769c | 9c 76 d3 98 fe 7f 00 00
stack at sp + 3 slots: 0x0 is NULL
stack at sp + 4 slots: 0x0000000000000054 is an unknown value
stack at sp + 5 slots: 0x00000202d6a53870 points into unknown readable memory: 0xffffffffffffffff | ff ff ff ff ff ff ff ff
stack at sp + 6 slots: 0x0000006fe07fe620 points into unknown readable memory: 0x0000000000000000 | 00 00 00 00 00 00 00 00
stack at sp + 7 slots: 0x00007fff5aab0ef4 ntdll.dll

VM_Operation (0x0000006fe26fee80): Exit, mode: safepoint, requested by thread 0x00000202d6f027c0


---------------  P R O C E S S  ---------------

Threads class SMR info:
_java_thread_list=0x00000202ddc66770, length=16, elements={
0x00000202d1f737c0, 0x00000202d1f74d50, 0x00000202d1f7bd50, 0x00000202d1f7cf10,
0x00000202d1f7e280, 0x00000202d1f86d10, 0x00000202d1f8c770, 0x00000202d1f8fae0,
0x00000202d1f877b0, 0x00000202d1f85d20, 0x00000202d1f87260, 0x00000202d1f867c0,
0x00000202d1f857d0, 0x00000202d6f027c0, 0x00000202d6f04250, 0x00000202d6f00d30
}

Java Threads: ( => current thread )
  0x00000202d1f737c0 JavaThread "Reference Handler" daemon [_thread_blocked, id=28048, stack(0x0000006fe0800000,0x0000006fe0900000)]
  0x00000202d1f74d50 JavaThread "Finalizer" daemon [_thread_blocked, id=28624, stack(0x0000006fe0900000,0x0000006fe0a00000)]
  0x00000202d1f7bd50 JavaThread "Signal Dispatcher" daemon [_thread_blocked, id=30744, stack(0x0000006fe0a00000,0x0000006fe0b00000)]
  0x00000202d1f7cf10 JavaThread "Attach Listener" daemon [_thread_blocked, id=23024, stack(0x0000006fe0b00000,0x0000006fe0c00000)]
  0x00000202d1f7e280 JavaThread "Service Thread" daemon [_thread_blocked, id=23832, stack(0x0000006fe0c00000,0x0000006fe0d00000)]
  0x00000202d1f86d10 JavaThread "Monitor Deflation Thread" daemon [_thread_blocked, id=27876, stack(0x0000006fe0d00000,0x0000006fe0e00000)]
  0x00000202d1f8c770 JavaThread "C2 CompilerThread0" daemon [_thread_blocked, id=15664, stack(0x0000006fe0e00000,0x0000006fe0f00000)]
  0x00000202d1f8fae0 JavaThread "C1 CompilerThread0" daemon [_thread_blocked, id=1096, stack(0x0000006fe0f00000,0x0000006fe1000000)]
  0x00000202d1f877b0 JavaThread "Sweeper thread" daemon [_thread_blocked, id=11248, stack(0x0000006fe1000000,0x0000006fe1100000)]
  0x00000202d1f85d20 JavaThread "Notification Thread" daemon [_thread_blocked, id=8212, stack(0x0000006fe1100000,0x0000006fe1200000)]
  0x00000202d1f87260 JavaThread "Common-Cleaner" daemon [_thread_blocked, id=24652, stack(0x0000006fe1300000,0x0000006fe1400000)]
  0x00000202d1f867c0 JavaThread "Java2D Disposer" daemon [_thread_blocked, id=25856, stack(0x0000006fe1400000,0x0000006fe1500000)]
  0x00000202d1f857d0 JavaThread "HighResTimerThread" daemon [_thread_blocked, id=14224, stack(0x0000006fe1700000,0x0000006fe1800000)]
  0x00000202d6f027c0 JavaThread "main-FPSAWTAnimator#00-Timer0" [_thread_blocked, id=31300, stack(0x0000006fe2600000,0x0000006fe2700000)]
  0x00000202d6f04250 JavaThread "DestroyJavaVM" [_thread_blocked, id=1816, stack(0x0000006fe0100000,0x0000006fe0200000)]
  0x00000202d6f00d30 JavaThread "AWT-Shutdown" [_thread_blocked, id=12848, stack(0x0000006fe2500000,0x0000006fe2600000)]

Other Threads:
=>0x00000202d1f57a00 VMThread "VM Thread" [stack: 0x0000006fe0700000,0x0000006fe0800000] [id=29564]
  0x00000202aed08e20 WorkerThread "GC Thread#0" [stack: 0x0000006fe0200000,0x0000006fe0300000] [id=20540]
  0x00000202d6b60440 WorkerThread "GC Thread#1" [stack: 0x0000006fe1b00000,0x0000006fe1c00000] [id=18528]
  0x00000202d6b5dca0 WorkerThread "GC Thread#2" [stack: 0x0000006fe1c00000,0x0000006fe1d00000] [id=11768]
  0x00000202d6b5df70 WorkerThread "GC Thread#3" [stack: 0x0000006fe1d00000,0x0000006fe1e00000] [id=27992]
  0x00000202d69e8a30 WorkerThread "GC Thread#4" [stack: 0x0000006fe1e00000,0x0000006fe1f00000] [id=21448]
  0x00000202d69e7c20 WorkerThread "GC Thread#5" [stack: 0x0000006fe1f00000,0x0000006fe2000000] [id=31324]
  0x00000202d69e7950 WorkerThread "GC Thread#6" [stack: 0x0000006fe2000000,0x0000006fe2100000] [id=22464]
  0x00000202d69e8fd0 WorkerThread "GC Thread#7" [stack: 0x0000006fe2100000,0x0000006fe2200000] [id=29068]
  0x00000202aed1b9f0 ConcurrentGCThread "G1 Main Marker" terminated
  0x00000202aed1cd60 WorkerThread "G1 Conc#0" [stack: 0x0000006fe0400000,0x0000006fe0500000] [id=24200]
  0x00000202d1e12150 ConcurrentGCThread "G1 Refine#0" terminated
  0x00000202d1e12ba0 ConcurrentGCThread "G1 Service" terminated

Threads with active compile tasks:

VM state: at safepoint (shutting down)

VM Mutex/Monitor currently owned by a thread:  ([mutex/lock_event])
[0x00000202aec955e0] Threads_lock - owner thread: 0x00000202d1f57a00
[0x00000202aec95160] Heap_lock - owner thread: 0x00000202d6f027c0

Heap address: 0x0000000703a00000, size: 4038 MB, Compressed Oops mode: Zero based, Oop shift amount: 3

CDS archive(s) mapped at: [0x0000000800000000-0x0000000800c40000-0x0000000800c40000), size 12845056, SharedBaseAddress: 0x0000000800000000, ArchiveRelocationMode: 0.
Compressed class space mapped at: 0x0000000801000000-0x0000000841000000, reserved size: 1073741824
Narrow klass base: 0x0000000800000000, Narrow klass shift: 0, Narrow klass range: 0x100000000

GC Precious Log:
 CardTable entry size: 512
 Card Set container configuration: InlinePtr #cards 4 size 8 Array Of Cards #cards 16 size 48 Howl #buckets 8 coarsen threshold 3686 Howl Bitmap #cards 512 size 80 coarsen threshold 460 Card regions per heap region 1 cards per card region 4096
 CPUs: 8 total, 8 available
 Memory: 16149M
 Large Page Support: Disabled
 NUMA Support: Disabled
 Compressed Oops: Enabled (Zero based)
 Heap Region Size: 2M
 Heap Min Capacity: 8M
 Heap Initial Capacity: 254M
 Heap Max Capacity: 4038M
 Pre-touch: Disabled
 Parallel Workers: 8
 Concurrent Workers: 2
 Concurrent Refinement Workers: 8
 Periodic GC: Disabled

Heap:
 garbage-first heap   total 376832K, used 213504K [0x0000000703a00000, 0x0000000800000000)
  region size 2048K, 106 young (217088K), 4 survivors (8192K)
 Metaspace       used 13007K, committed 13248K, reserved 1114112K
  class space    used 906K, committed 1024K, reserved 1048576K

Heap Regions: E=young(eden), S=young(survivor), O=old, HS=humongous(starts), HC=humongous(continues), CS=collection set, F=free, OA=open archive, CA=closed archive, TAMS=top-at-mark-start (previous, next)
|   0|0x0000000703a00000, 0x0000000703a00000, 0x0000000703c00000|  0%| F|  |TAMS 0x0000000703a00000, 0x0000000703a00000| Untracked 
|   1|0x0000000703c00000, 0x0000000703c00000, 0x0000000703e00000|  0%| F|  |TAMS 0x0000000703c00000, 0x0000000703c00000| Untracked 
|   2|0x0000000703e00000, 0x0000000703e00000, 0x0000000704000000|  0%| F|  |TAMS 0x0000000703e00000, 0x0000000703e00000| Untracked 
|   3|0x0000000704000000, 0x0000000704000000, 0x0000000704200000|  0%| F|  |TAMS 0x0000000704000000, 0x0000000704000000| Untracked 
|   4|0x0000000704200000, 0x0000000704200000, 0x0000000704400000|  0%| F|  |TAMS 0x0000000704200000, 0x0000000704200000| Untracked 
|   5|0x0000000704400000, 0x0000000704400000, 0x0000000704600000|  0%| F|  |TAMS 0x0000000704400000, 0x0000000704400000| Untracked 
|   6|0x0000000704600000, 0x0000000704600000, 0x0000000704800000|  0%| F|  |TAMS 0x0000000704600000, 0x0000000704600000| Untracked 
|   7|0x0000000704800000, 0x0000000704800000, 0x0000000704a00000|  0%| F|  |TAMS 0x0000000704800000, 0x0000000704800000| Untracked 
|   8|0x0000000704a00000, 0x0000000704a00000, 0x0000000704c00000|  0%| F|  |TAMS 0x0000000704a00000, 0x0000000704a00000| Untracked 
|   9|0x0000000704c00000, 0x0000000704c00000, 0x0000000704e00000|  0%| F|  |TAMS 0x0000000704c00000, 0x0000000704c00000| Untracked 
|  10|0x0000000704e00000, 0x0000000704e00000, 0x0000000705000000|  0%| F|  |TAMS 0x0000000704e00000, 0x0000000704e00000| Untracked 
|  11|0x0000000705000000, 0x0000000705000000, 0x0000000705200000|  0%| F|  |TAMS 0x0000000705000000, 0x0000000705000000| Untracked 
|  12|0x0000000705200000, 0x0000000705200000, 0x0000000705400000|  0%| F|  |TAMS 0x0000000705200000, 0x0000000705200000| Untracked 
|  13|0x0000000705400000, 0x0000000705400000, 0x0000000705600000|  0%| F|  |TAMS 0x0000000705400000, 0x0000000705400000| Untracked 
|  14|0x0000000705600000, 0x0000000705600000, 0x0000000705800000|  0%| F|  |TAMS 0x0000000705600000, 0x0000000705600000| Untracked 
|  15|0x0000000705800000, 0x0000000705800000, 0x0000000705a00000|  0%| F|  |TAMS 0x0000000705800000, 0x0000000705800000| Untracked 
|  16|0x0000000705a00000, 0x0000000705a00000, 0x0000000705c00000|  0%| F|  |TAMS 0x0000000705a00000, 0x0000000705a00000| Untracked 
|  17|0x0000000705c00000, 0x0000000705c00000, 0x0000000705e00000|  0%| F|  |TAMS 0x0000000705c00000, 0x0000000705c00000| Untracked 
|  18|0x0000000705e00000, 0x0000000705e00000, 0x0000000706000000|  0%| F|  |TAMS 0x0000000705e00000, 0x0000000705e00000| Untracked 
|  19|0x0000000706000000, 0x0000000706000000, 0x0000000706200000|  0%| F|  |TAMS 0x0000000706000000, 0x0000000706000000| Untracked 
|  20|0x0000000706200000, 0x0000000706200000, 0x0000000706400000|  0%| F|  |TAMS 0x0000000706200000, 0x0000000706200000| Untracked 
|  21|0x0000000706400000, 0x0000000706400000, 0x0000000706600000|  0%| F|  |TAMS 0x0000000706400000, 0x0000000706400000| Untracked 
|  22|0x0000000706600000, 0x0000000706600000, 0x0000000706800000|  0%| F|  |TAMS 0x0000000706600000, 0x0000000706600000| Untracked 
|  23|0x0000000706800000, 0x0000000706800000, 0x0000000706a00000|  0%| F|  |TAMS 0x0000000706800000, 0x0000000706800000| Untracked 
|  24|0x0000000706a00000, 0x0000000706a00000, 0x0000000706c00000|  0%| F|  |TAMS 0x0000000706a00000, 0x0000000706a00000| Untracked 
|  25|0x0000000706c00000, 0x0000000706c00000, 0x0000000706e00000|  0%| F|  |TAMS 0x0000000706c00000, 0x0000000706c00000| Untracked 
|  26|0x0000000706e00000, 0x0000000706e00000, 0x0000000707000000|  0%| F|  |TAMS 0x0000000706e00000, 0x0000000706e00000| Untracked 
|  27|0x0000000707000000, 0x0000000707000000, 0x0000000707200000|  0%| F|  |TAMS 0x0000000707000000, 0x0000000707000000| Untracked 
|  28|0x0000000707200000, 0x0000000707200000, 0x0000000707400000|  0%| F|  |TAMS 0x0000000707200000, 0x0000000707200000| Untracked 
|  29|0x0000000707400000, 0x0000000707400000, 0x0000000707600000|  0%| F|  |TAMS 0x0000000707400000, 0x0000000707400000| Untracked 
|  30|0x0000000707600000, 0x0000000707600000, 0x0000000707800000|  0%| F|  |TAMS 0x0000000707600000, 0x0000000707600000| Untracked 
|  31|0x0000000707800000, 0x0000000707800000, 0x0000000707a00000|  0%| F|  |TAMS 0x0000000707800000, 0x0000000707800000| Untracked 
|  32|0x0000000707a00000, 0x0000000707a00000, 0x0000000707c00000|  0%| F|  |TAMS 0x0000000707a00000, 0x0000000707a00000| Untracked 
|  33|0x0000000707c00000, 0x0000000707c00000, 0x0000000707e00000|  0%| F|  |TAMS 0x0000000707c00000, 0x0000000707c00000| Untracked 
|  34|0x0000000707e00000, 0x0000000707e00000, 0x0000000708000000|  0%| F|  |TAMS 0x0000000707e00000, 0x0000000707e00000| Untracked 
|  35|0x0000000708000000, 0x0000000708000000, 0x0000000708200000|  0%| F|  |TAMS 0x0000000708000000, 0x0000000708000000| Untracked 
|  36|0x0000000708200000, 0x0000000708200000, 0x0000000708400000|  0%| F|  |TAMS 0x0000000708200000, 0x0000000708200000| Untracked 
|  37|0x0000000708400000, 0x0000000708400000, 0x0000000708600000|  0%| F|  |TAMS 0x0000000708400000, 0x0000000708400000| Untracked 
|  38|0x0000000708600000, 0x0000000708600000, 0x0000000708800000|  0%| F|  |TAMS 0x0000000708600000, 0x0000000708600000| Untracked 
|  39|0x0000000708800000, 0x0000000708800000, 0x0000000708a00000|  0%| F|  |TAMS 0x0000000708800000, 0x0000000708800000| Untracked 
|  40|0x0000000708a00000, 0x0000000708a00000, 0x0000000708c00000|  0%| F|  |TAMS 0x0000000708a00000, 0x0000000708a00000| Untracked 
|  41|0x0000000708c00000, 0x0000000708c00000, 0x0000000708e00000|  0%| F|  |TAMS 0x0000000708c00000, 0x0000000708c00000| Untracked 
|  42|0x0000000708e00000, 0x0000000708e00000, 0x0000000709000000|  0%| F|  |TAMS 0x0000000708e00000, 0x0000000708e00000| Untracked 
|  43|0x0000000709000000, 0x0000000709000000, 0x0000000709200000|  0%| F|  |TAMS 0x0000000709000000, 0x0000000709000000| Untracked 
|  44|0x0000000709200000, 0x0000000709200000, 0x0000000709400000|  0%| F|  |TAMS 0x0000000709200000, 0x0000000709200000| Untracked 
|  45|0x0000000709400000, 0x0000000709400000, 0x0000000709600000|  0%| F|  |TAMS 0x0000000709400000, 0x0000000709400000| Untracked 
|  46|0x0000000709600000, 0x0000000709600000, 0x0000000709800000|  0%| F|  |TAMS 0x0000000709600000, 0x0000000709600000| Untracked 
|  47|0x0000000709800000, 0x0000000709800000, 0x0000000709a00000|  0%| F|  |TAMS 0x0000000709800000, 0x0000000709800000| Untracked 
|  48|0x0000000709a00000, 0x0000000709a00000, 0x0000000709c00000|  0%| F|  |TAMS 0x0000000709a00000, 0x0000000709a00000| Untracked 
|  49|0x0000000709c00000, 0x0000000709c00000, 0x0000000709e00000|  0%| F|  |TAMS 0x0000000709c00000, 0x0000000709c00000| Untracked 
|  50|0x0000000709e00000, 0x0000000709e00000, 0x000000070a000000|  0%| F|  |TAMS 0x0000000709e00000, 0x0000000709e00000| Untracked 
|  51|0x000000070a000000, 0x000000070a000000, 0x000000070a200000|  0%| F|  |TAMS 0x000000070a000000, 0x000000070a000000| Untracked 
|  52|0x000000070a200000, 0x000000070a200000, 0x000000070a400000|  0%| F|  |TAMS 0x000000070a200000, 0x000000070a200000| Untracked 
|  53|0x000000070a400000, 0x000000070a400000, 0x000000070a600000|  0%| F|  |TAMS 0x000000070a400000, 0x000000070a400000| Untracked 
|  54|0x000000070a600000, 0x000000070a600000, 0x000000070a800000|  0%| F|  |TAMS 0x000000070a600000, 0x000000070a600000| Untracked 
|  55|0x000000070a800000, 0x000000070a800000, 0x000000070aa00000|  0%| F|  |TAMS 0x000000070a800000, 0x000000070a800000| Untracked 
|  56|0x000000070aa00000, 0x000000070aa00000, 0x000000070ac00000|  0%| F|  |TAMS 0x000000070aa00000, 0x000000070aa00000| Untracked 
|  57|0x000000070ac00000, 0x000000070ac00000, 0x000000070ae00000|  0%| F|  |TAMS 0x000000070ac00000, 0x000000070ac00000| Untracked 
|  58|0x000000070ae00000, 0x000000070ae00000, 0x000000070b000000|  0%| F|  |TAMS 0x000000070ae00000, 0x000000070ae00000| Untracked 
|  59|0x000000070b000000, 0x000000070b000000, 0x000000070b200000|  0%| F|  |TAMS 0x000000070b000000, 0x000000070b000000| Untracked 
|  60|0x000000070b200000, 0x000000070b200000, 0x000000070b400000|  0%| F|  |TAMS 0x000000070b200000, 0x000000070b200000| Untracked 
|  61|0x000000070b400000, 0x000000070b400000, 0x000000070b600000|  0%| F|  |TAMS 0x000000070b400000, 0x000000070b400000| Untracked 
|  62|0x000000070b600000, 0x000000070b600000, 0x000000070b800000|  0%| F|  |TAMS 0x000000070b600000, 0x000000070b600000| Untracked 
|  63|0x000000070b800000, 0x000000070b800000, 0x000000070ba00000|  0%| F|  |TAMS 0x000000070b800000, 0x000000070b800000| Untracked 
|  64|0x000000070ba00000, 0x000000070ba00000, 0x000000070bc00000|  0%| F|  |TAMS 0x000000070ba00000, 0x000000070ba00000| Untracked 
|  65|0x000000070bc00000, 0x000000070bc00000, 0x000000070be00000|  0%| F|  |TAMS 0x000000070bc00000, 0x000000070bc00000| Untracked 
|  66|0x000000070be00000, 0x000000070be00000, 0x000000070c000000|  0%| F|  |TAMS 0x000000070be00000, 0x000000070be00000| Untracked 
|  67|0x000000070c000000, 0x000000070c000000, 0x000000070c200000|  0%| F|  |TAMS 0x000000070c000000, 0x000000070c000000| Untracked 
|  68|0x000000070c200000, 0x000000070c200000, 0x000000070c400000|  0%| F|  |TAMS 0x000000070c200000, 0x000000070c200000| Untracked 
|  69|0x000000070c400000, 0x000000070c400000, 0x000000070c600000|  0%| F|  |TAMS 0x000000070c400000, 0x000000070c400000| Untracked 
|  70|0x000000070c600000, 0x000000070c600000, 0x000000070c800000|  0%| F|  |TAMS 0x000000070c600000, 0x000000070c600000| Untracked 
|  71|0x000000070c800000, 0x000000070c800000, 0x000000070ca00000|  0%| F|  |TAMS 0x000000070c800000, 0x000000070c800000| Untracked 
|  72|0x000000070ca00000, 0x000000070ca00000, 0x000000070cc00000|  0%| F|  |TAMS 0x000000070ca00000, 0x000000070ca00000| Untracked 
|  73|0x000000070cc00000, 0x000000070cc00000, 0x000000070ce00000|  0%| F|  |TAMS 0x000000070cc00000, 0x000000070cc00000| Untracked 
|  74|0x000000070ce00000, 0x000000070ce80020, 0x000000070d000000| 25%| S|CS|TAMS 0x000000070ce00000, 0x000000070ce00000| Complete 
|  75|0x000000070d000000, 0x000000070d200000, 0x000000070d200000|100%| S|CS|TAMS 0x000000070d000000, 0x000000070d000000| Complete 
|  76|0x000000070d200000, 0x000000070d400000, 0x000000070d400000|100%| S|CS|TAMS 0x000000070d200000, 0x000000070d200000| Complete 
|  77|0x000000070d400000, 0x000000070d600000, 0x000000070d600000|100%| S|CS|TAMS 0x000000070d400000, 0x000000070d400000| Complete 
|  78|0x000000070d600000, 0x000000070d600000, 0x000000070d800000|  0%| F|  |TAMS 0x000000070d600000, 0x000000070d600000| Untracked 
|  79|0x000000070d800000, 0x000000070d800000, 0x000000070da00000|  0%| F|  |TAMS 0x000000070d800000, 0x000000070d800000| Untracked 
|  80|0x000000070da00000, 0x000000070da00000, 0x000000070dc00000|  0%| F|  |TAMS 0x000000070da00000, 0x000000070da00000| Untracked 
|  81|0x000000070dc00000, 0x000000070dc00000, 0x000000070de00000|  0%| F|  |TAMS 0x000000070dc00000, 0x000000070dc00000| Untracked 
|  82|0x000000070de00000, 0x000000070de00800, 0x000000070e000000|  0%| E|  |TAMS 0x000000070de00000, 0x000000070de00000| Complete 
|  83|0x000000070e000000, 0x000000070e200000, 0x000000070e200000|100%| E|CS|TAMS 0x000000070e000000, 0x000000070e000000| Complete 
|  84|0x000000070e200000, 0x000000070e400000, 0x000000070e400000|100%| E|CS|TAMS 0x000000070e200000, 0x000000070e200000| Complete 
|  85|0x000000070e400000, 0x000000070e600000, 0x000000070e600000|100%| E|CS|TAMS 0x000000070e400000, 0x000000070e400000| Complete 
|  86|0x000000070e600000, 0x000000070e800000, 0x000000070e800000|100%| E|CS|TAMS 0x000000070e600000, 0x000000070e600000| Complete 
|  87|0x000000070e800000, 0x000000070ea00000, 0x000000070ea00000|100%| E|CS|TAMS 0x000000070e800000, 0x000000070e800000| Complete 
|  88|0x000000070ea00000, 0x000000070ec00000, 0x000000070ec00000|100%| E|CS|TAMS 0x000000070ea00000, 0x000000070ea00000| Complete 
|  89|0x000000070ec00000, 0x000000070ee00000, 0x000000070ee00000|100%| E|CS|TAMS 0x000000070ec00000, 0x000000070ec00000| Complete 
|  90|0x000000070ee00000, 0x000000070f000000, 0x000000070f000000|100%| E|CS|TAMS 0x000000070ee00000, 0x000000070ee00000| Complete 
|  91|0x000000070f000000, 0x000000070f200000, 0x000000070f200000|100%| E|CS|TAMS 0x000000070f000000, 0x000000070f000000| Complete 
|  92|0x000000070f200000, 0x000000070f400000, 0x000000070f400000|100%| E|CS|TAMS 0x000000070f200000, 0x000000070f200000| Complete 
|  93|0x000000070f400000, 0x000000070f600000, 0x000000070f600000|100%| E|CS|TAMS 0x000000070f400000, 0x000000070f400000| Complete 
|  94|0x000000070f600000, 0x000000070f800000, 0x000000070f800000|100%| E|CS|TAMS 0x000000070f600000, 0x000000070f600000| Complete 
|  95|0x000000070f800000, 0x000000070fa00000, 0x000000070fa00000|100%| E|CS|TAMS 0x000000070f800000, 0x000000070f800000| Complete 
|  96|0x000000070fa00000, 0x000000070fc00000, 0x000000070fc00000|100%| E|CS|TAMS 0x000000070fa00000, 0x000000070fa00000| Complete 
|  97|0x000000070fc00000, 0x000000070fe00000, 0x000000070fe00000|100%| E|CS|TAMS 0x000000070fc00000, 0x000000070fc00000| Complete 
|  98|0x000000070fe00000, 0x0000000710000000, 0x0000000710000000|100%| E|CS|TAMS 0x000000070fe00000, 0x000000070fe00000| Complete 
|  99|0x0000000710000000, 0x0000000710200000, 0x0000000710200000|100%| E|CS|TAMS 0x0000000710000000, 0x0000000710000000| Complete 
| 100|0x0000000710200000, 0x0000000710400000, 0x0000000710400000|100%| E|CS|TAMS 0x0000000710200000, 0x0000000710200000| Complete 
| 101|0x0000000710400000, 0x0000000710600000, 0x0000000710600000|100%| E|CS|TAMS 0x0000000710400000, 0x0000000710400000| Complete 
| 102|0x0000000710600000, 0x0000000710800000, 0x0000000710800000|100%| E|CS|TAMS 0x0000000710600000, 0x0000000710600000| Complete 
| 103|0x0000000710800000, 0x0000000710a00000, 0x0000000710a00000|100%| E|CS|TAMS 0x0000000710800000, 0x0000000710800000| Complete 
| 104|0x0000000710a00000, 0x0000000710c00000, 0x0000000710c00000|100%| E|CS|TAMS 0x0000000710a00000, 0x0000000710a00000| Complete 
| 105|0x0000000710c00000, 0x0000000710e00000, 0x0000000710e00000|100%| E|CS|TAMS 0x0000000710c00000, 0x0000000710c00000| Complete 
| 106|0x0000000710e00000, 0x0000000711000000, 0x0000000711000000|100%| E|CS|TAMS 0x0000000710e00000, 0x0000000710e00000| Complete 
| 107|0x0000000711000000, 0x0000000711200000, 0x0000000711200000|100%| E|CS|TAMS 0x0000000711000000, 0x0000000711000000| Complete 
| 108|0x0000000711200000, 0x0000000711400000, 0x0000000711400000|100%| E|CS|TAMS 0x0000000711200000, 0x0000000711200000| Complete 
| 109|0x0000000711400000, 0x0000000711600000, 0x0000000711600000|100%| E|CS|TAMS 0x0000000711400000, 0x0000000711400000| Complete 
| 110|0x0000000711600000, 0x0000000711800000, 0x0000000711800000|100%| E|CS|TAMS 0x0000000711600000, 0x0000000711600000| Complete 
| 111|0x0000000711800000, 0x0000000711a00000, 0x0000000711a00000|100%| E|CS|TAMS 0x0000000711800000, 0x0000000711800000| Complete 
| 112|0x0000000711a00000, 0x0000000711c00000, 0x0000000711c00000|100%| E|CS|TAMS 0x0000000711a00000, 0x0000000711a00000| Complete 
| 113|0x0000000711c00000, 0x0000000711e00000, 0x0000000711e00000|100%| E|CS|TAMS 0x0000000711c00000, 0x0000000711c00000| Complete 
| 114|0x0000000711e00000, 0x0000000712000000, 0x0000000712000000|100%| E|CS|TAMS 0x0000000711e00000, 0x0000000711e00000| Complete 
| 115|0x0000000712000000, 0x0000000712200000, 0x0000000712200000|100%| E|CS|TAMS 0x0000000712000000, 0x0000000712000000| Complete 
| 116|0x0000000712200000, 0x0000000712400000, 0x0000000712400000|100%| E|CS|TAMS 0x0000000712200000, 0x0000000712200000| Complete 
| 117|0x0000000712400000, 0x0000000712600000, 0x0000000712600000|100%| E|CS|TAMS 0x0000000712400000, 0x0000000712400000| Complete 
| 118|0x0000000712600000, 0x0000000712800000, 0x0000000712800000|100%| E|CS|TAMS 0x0000000712600000, 0x0000000712600000| Complete 
| 119|0x0000000712800000, 0x0000000712a00000, 0x0000000712a00000|100%| E|CS|TAMS 0x0000000712800000, 0x0000000712800000| Complete 
| 120|0x0000000712a00000, 0x0000000712c00000, 0x0000000712c00000|100%| E|CS|TAMS 0x0000000712a00000, 0x0000000712a00000| Complete 
| 121|0x0000000712c00000, 0x0000000712e00000, 0x0000000712e00000|100%| E|CS|TAMS 0x0000000712c00000, 0x0000000712c00000| Complete 
| 122|0x0000000712e00000, 0x0000000713000000, 0x0000000713000000|100%| E|CS|TAMS 0x0000000712e00000, 0x0000000712e00000| Complete 
| 123|0x0000000713000000, 0x0000000713200000, 0x0000000713200000|100%| E|CS|TAMS 0x0000000713000000, 0x0000000713000000| Complete 
| 124|0x0000000713200000, 0x0000000713400000, 0x0000000713400000|100%| E|CS|TAMS 0x0000000713200000, 0x0000000713200000| Complete 
| 125|0x0000000713400000, 0x0000000713600000, 0x0000000713600000|100%| E|CS|TAMS 0x0000000713400000, 0x0000000713400000| Complete 
| 126|0x0000000713600000, 0x0000000713800000, 0x0000000713800000|100%| E|CS|TAMS 0x0000000713600000, 0x0000000713600000| Complete 
| 127|0x0000000713800000, 0x0000000713a00000, 0x0000000713a00000|100%| E|CS|TAMS 0x0000000713800000, 0x0000000713800000| Complete 
| 128|0x0000000713a00000, 0x0000000713c00000, 0x0000000713c00000|100%| E|CS|TAMS 0x0000000713a00000, 0x0000000713a00000| Complete 
| 129|0x0000000713c00000, 0x0000000713e00000, 0x0000000713e00000|100%| E|CS|TAMS 0x0000000713c00000, 0x0000000713c00000| Complete 
| 130|0x0000000713e00000, 0x0000000714000000, 0x0000000714000000|100%| E|CS|TAMS 0x0000000713e00000, 0x0000000713e00000| Complete 
| 131|0x0000000714000000, 0x0000000714200000, 0x0000000714200000|100%| E|CS|TAMS 0x0000000714000000, 0x0000000714000000| Complete 
| 132|0x0000000714200000, 0x0000000714400000, 0x0000000714400000|100%| E|CS|TAMS 0x0000000714200000, 0x0000000714200000| Complete 
| 133|0x0000000714400000, 0x0000000714600000, 0x0000000714600000|100%| E|CS|TAMS 0x0000000714400000, 0x0000000714400000| Complete 
| 134|0x0000000714600000, 0x0000000714800000, 0x0000000714800000|100%| E|CS|TAMS 0x0000000714600000, 0x0000000714600000| Complete 
| 135|0x0000000714800000, 0x0000000714a00000, 0x0000000714a00000|100%| E|CS|TAMS 0x0000000714800000, 0x0000000714800000| Complete 
| 136|0x0000000714a00000, 0x0000000714c00000, 0x0000000714c00000|100%| E|CS|TAMS 0x0000000714a00000, 0x0000000714a00000| Complete 
| 137|0x0000000714c00000, 0x0000000714e00000, 0x0000000714e00000|100%| E|CS|TAMS 0x0000000714c00000, 0x0000000714c00000| Complete 
| 138|0x0000000714e00000, 0x0000000715000000, 0x0000000715000000|100%| E|CS|TAMS 0x0000000714e00000, 0x0000000714e00000| Complete 
| 139|0x0000000715000000, 0x0000000715200000, 0x0000000715200000|100%| E|CS|TAMS 0x0000000715000000, 0x0000000715000000| Complete 
| 140|0x0000000715200000, 0x0000000715400000, 0x0000000715400000|100%| E|CS|TAMS 0x0000000715200000, 0x0000000715200000| Complete 
| 141|0x0000000715400000, 0x0000000715600000, 0x0000000715600000|100%| E|CS|TAMS 0x0000000715400000, 0x0000000715400000| Complete 
| 142|0x0000000715600000, 0x0000000715800000, 0x0000000715800000|100%| E|CS|TAMS 0x0000000715600000, 0x0000000715600000| Complete 
| 143|0x0000000715800000, 0x0000000715a00000, 0x0000000715a00000|100%| E|CS|TAMS 0x0000000715800000, 0x0000000715800000| Complete 
| 144|0x0000000715a00000, 0x0000000715c00000, 0x0000000715c00000|100%| E|CS|TAMS 0x0000000715a00000, 0x0000000715a00000| Complete 
| 145|0x0000000715c00000, 0x0000000715e00000, 0x0000000715e00000|100%| E|CS|TAMS 0x0000000715c00000, 0x0000000715c00000| Complete 
| 146|0x0000000715e00000, 0x0000000716000000, 0x0000000716000000|100%| E|CS|TAMS 0x0000000715e00000, 0x0000000715e00000| Complete 
| 147|0x0000000716000000, 0x0000000716200000, 0x0000000716200000|100%| E|CS|TAMS 0x0000000716000000, 0x0000000716000000| Complete 
| 148|0x0000000716200000, 0x0000000716400000, 0x0000000716400000|100%| E|CS|TAMS 0x0000000716200000, 0x0000000716200000| Complete 
| 149|0x0000000716400000, 0x0000000716600000, 0x0000000716600000|100%| E|CS|TAMS 0x0000000716400000, 0x0000000716400000| Complete 
| 150|0x0000000716600000, 0x0000000716800000, 0x0000000716800000|100%| E|CS|TAMS 0x0000000716600000, 0x0000000716600000| Complete 
| 151|0x0000000716800000, 0x0000000716a00000, 0x0000000716a00000|100%| E|CS|TAMS 0x0000000716800000, 0x0000000716800000| Complete 
| 152|0x0000000716a00000, 0x0000000716c00000, 0x0000000716c00000|100%| E|CS|TAMS 0x0000000716a00000, 0x0000000716a00000| Complete 
| 153|0x0000000716c00000, 0x0000000716e00000, 0x0000000716e00000|100%| E|CS|TAMS 0x0000000716c00000, 0x0000000716c00000| Complete 
| 154|0x0000000716e00000, 0x0000000717000000, 0x0000000717000000|100%| E|CS|TAMS 0x0000000716e00000, 0x0000000716e00000| Complete 
| 155|0x0000000717000000, 0x0000000717200000, 0x0000000717200000|100%| E|CS|TAMS 0x0000000717000000, 0x0000000717000000| Complete 
| 156|0x0000000717200000, 0x0000000717400000, 0x0000000717400000|100%| E|CS|TAMS 0x0000000717200000, 0x0000000717200000| Complete 
| 157|0x0000000717400000, 0x0000000717600000, 0x0000000717600000|100%| E|CS|TAMS 0x0000000717400000, 0x0000000717400000| Complete 
| 158|0x0000000717600000, 0x0000000717800000, 0x0000000717800000|100%| E|CS|TAMS 0x0000000717600000, 0x0000000717600000| Complete 
| 159|0x0000000717800000, 0x0000000717a00000, 0x0000000717a00000|100%| E|CS|TAMS 0x0000000717800000, 0x0000000717800000| Complete 
| 160|0x0000000717a00000, 0x0000000717c00000, 0x0000000717c00000|100%| E|CS|TAMS 0x0000000717a00000, 0x0000000717a00000| Complete 
| 161|0x0000000717c00000, 0x0000000717e00000, 0x0000000717e00000|100%| E|CS|TAMS 0x0000000717c00000, 0x0000000717c00000| Complete 
| 162|0x0000000717e00000, 0x0000000718000000, 0x0000000718000000|100%| E|CS|TAMS 0x0000000717e00000, 0x0000000717e00000| Complete 
| 163|0x0000000718000000, 0x0000000718200000, 0x0000000718200000|100%| E|CS|TAMS 0x0000000718000000, 0x0000000718000000| Complete 
| 164|0x0000000718200000, 0x0000000718400000, 0x0000000718400000|100%| E|CS|TAMS 0x0000000718200000, 0x0000000718200000| Complete 
| 165|0x0000000718400000, 0x0000000718600000, 0x0000000718600000|100%| E|CS|TAMS 0x0000000718400000, 0x0000000718400000| Complete 
| 166|0x0000000718600000, 0x0000000718800000, 0x0000000718800000|100%| E|CS|TAMS 0x0000000718600000, 0x0000000718600000| Complete 
| 167|0x0000000718800000, 0x0000000718a00000, 0x0000000718a00000|100%| E|CS|TAMS 0x0000000718800000, 0x0000000718800000| Complete 
| 168|0x0000000718a00000, 0x0000000718c00000, 0x0000000718c00000|100%| E|CS|TAMS 0x0000000718a00000, 0x0000000718a00000| Complete 
| 169|0x0000000718c00000, 0x0000000718e00000, 0x0000000718e00000|100%| E|CS|TAMS 0x0000000718c00000, 0x0000000718c00000| Complete 
| 170|0x0000000718e00000, 0x0000000719000000, 0x0000000719000000|100%| E|CS|TAMS 0x0000000718e00000, 0x0000000718e00000| Complete 
| 171|0x0000000719000000, 0x0000000719200000, 0x0000000719200000|100%| E|CS|TAMS 0x0000000719000000, 0x0000000719000000| Complete 
| 172|0x0000000719200000, 0x0000000719400000, 0x0000000719400000|100%| E|CS|TAMS 0x0000000719200000, 0x0000000719200000| Complete 
| 173|0x0000000719400000, 0x0000000719600000, 0x0000000719600000|100%| E|CS|TAMS 0x0000000719400000, 0x0000000719400000| Complete 
| 174|0x0000000719600000, 0x0000000719800000, 0x0000000719800000|100%| E|CS|TAMS 0x0000000719600000, 0x0000000719600000| Complete 
| 175|0x0000000719800000, 0x0000000719a00000, 0x0000000719a00000|100%| E|CS|TAMS 0x0000000719800000, 0x0000000719800000| Complete 
| 176|0x0000000719a00000, 0x0000000719c00000, 0x0000000719c00000|100%| E|CS|TAMS 0x0000000719a00000, 0x0000000719a00000| Complete 
| 177|0x0000000719c00000, 0x0000000719e00000, 0x0000000719e00000|100%| E|CS|TAMS 0x0000000719c00000, 0x0000000719c00000| Complete 
| 178|0x0000000719e00000, 0x000000071a000000, 0x000000071a000000|100%| E|CS|TAMS 0x0000000719e00000, 0x0000000719e00000| Complete 
| 179|0x000000071a000000, 0x000000071a200000, 0x000000071a200000|100%| E|CS|TAMS 0x000000071a000000, 0x000000071a000000| Complete 
| 180|0x000000071a200000, 0x000000071a400000, 0x000000071a400000|100%| E|CS|TAMS 0x000000071a200000, 0x000000071a200000| Complete 
| 181|0x000000071a400000, 0x000000071a600000, 0x000000071a600000|100%| E|CS|TAMS 0x000000071a400000, 0x000000071a400000| Complete 
| 182|0x000000071a600000, 0x000000071a800000, 0x000000071a800000|100%| E|CS|TAMS 0x000000071a600000, 0x000000071a600000| Complete 
| 183|0x000000071a800000, 0x000000071aa00000, 0x000000071aa00000|100%| E|CS|TAMS 0x000000071a800000, 0x000000071a800000| Complete 

Card table byte_map: [0x00000202c6730000,0x00000202c6f20000] _byte_map_base: 0x00000202c2f13000

Marking Bits (Prev, Next): (CMBitMap*) 0x00000202aed09450, (CMBitMap*) 0x00000202aed09490
 Prev Bits: [0x00000202c7710000, 0x00000202cb628000)
 Next Bits: [0x00000202cb630000, 0x00000202cf548000)

Polling page: 0x00000202accb0000

Metaspace:

Usage:
  Non-class:     11.82 MB used.
      Class:    906.44 KB used.
       Both:     12.70 MB used.

Virtual space:
  Non-class space:       64.00 MB reserved,      11.94 MB ( 19%) committed,  1 nodes.
      Class space:        1.00 GB reserved,       1.00 MB ( <1%) committed,  1 nodes.
             Both:        1.06 GB reserved,      12.94 MB (  1%) committed. 

Chunk freelists:
   Non-Class:  3.86 MB
       Class:  2.91 MB
        Both:  6.77 MB

MaxMetaspaceSize: unlimited
CompressedClassSpaceSize: 1.00 GB
Initial GC threshold: 21.00 MB
Current GC threshold: 21.00 MB
CDS: on
MetaspaceReclaimPolicy: balanced
 - commit_granule_bytes: 65536.
 - commit_granule_words: 8192.
 - virtual_space_node_default_size: 8388608.
 - enlarge_chunks_in_place: 1.
 - new_chunks_are_fully_committed: 0.
 - uncommit_free_chunks: 1.
 - use_allocation_guard: 0.


Internal statistics:

num_allocs_failed_limit: 0.
num_arena_births: 134.
num_arena_deaths: 0.
num_vsnodes_births: 2.
num_vsnodes_deaths: 0.
num_space_committed: 203.
num_space_uncommitted: 0.
num_chunks_returned_to_freelist: 0.
num_chunks_taken_from_freelist: 400.
num_chunk_merges: 0.
num_chunk_splits: 309.
num_chunks_enlarged: 252.
num_inconsistent_stats: 0.

CodeHeap 'non-profiled nmethods': size=120000Kb used=875Kb max_used=875Kb free=119124Kb
 bounds [0x00000202be6e0000, 0x00000202be950000, 0x00000202c5c10000]
CodeHeap 'profiled nmethods': size=120000Kb used=3169Kb max_used=3169Kb free=116830Kb
 bounds [0x00000202b6c10000, 0x00000202b6f30000, 0x00000202be140000]
CodeHeap 'non-nmethods': size=5760Kb used=1644Kb max_used=1676Kb free=4115Kb
 bounds [0x00000202be140000, 0x00000202be3b0000, 0x00000202be6e0000]
 total_blobs=2796 nmethods=1841 adapters=866
 compilation: enabled
              stopped_count=0, restarted_count=0
 full_count=0

Compilation events (20 events):
Event: 3.896 Thread 0x00000202d1f8fae0 1832       3       processing.opengl.PGraphicsOpenGL$IndexCache::init (82 bytes)
Event: 3.897 Thread 0x00000202d1f8fae0 nmethod 1832 0x00000202b6f23390 code [0x00000202b6f23560, 0x00000202b6f23898]
Event: 3.897 Thread 0x00000202d1f8fae0 1834       3       processing.core.PGraphics::colorCalc (37 bytes)
Event: 3.897 Thread 0x00000202d1f8fae0 nmethod 1834 0x00000202b6f23b90 code [0x00000202b6f23d60, 0x00000202b6f24198]
Event: 3.897 Thread 0x00000202d1f8fae0 1833       3       processing.core.PGraphics::stroke (10 bytes)
Event: 3.897 Thread 0x00000202d1f8fae0 nmethod 1833 0x00000202b6f24290 code [0x00000202b6f24440, 0x00000202b6f246b8]
Event: 3.897 Thread 0x00000202d1f8fae0 1835       3       processing.opengl.PGL::updateFloatBuffer (95 bytes)
Event: 3.898 Thread 0x00000202d1f8fae0 nmethod 1835 0x00000202b6f24790 code [0x00000202b6f24a60, 0x00000202b6f25a88]
Event: 3.898 Thread 0x00000202d1f8fae0 1836       3       processing.opengl.PJOGL::uniformMatrix4fv (15 bytes)
Event: 3.898 Thread 0x00000202d1f8fae0 nmethod 1836 0x00000202b6f26090 code [0x00000202b6f26240, 0x00000202b6f26428]
Event: 3.972 Thread 0x00000202d1f8fae0 1837       3       jogamp.common.util.Int32Bitfield::check (49 bytes)
Event: 3.973 Thread 0x00000202d1f8fae0 nmethod 1837 0x00000202b6f26510 code [0x00000202b6f26760, 0x00000202b6f26ea8]
Event: 3.973 Thread 0x00000202d1f8fae0 1838   !   3       java.lang.Object::wait (50 bytes)
Event: 3.973 Thread 0x00000202d1f8fae0 nmethod 1838 0x00000202b6f27210 code [0x00000202b6f27420, 0x00000202b6f279a8]
Event: 4.079 Thread 0x00000202d1f8fae0 1839       3       processing.opengl.PGraphicsOpenGL$InGeometry::getNumEdgeIndices (87 bytes)
Event: 4.079 Thread 0x00000202d1f8fae0 nmethod 1839 0x00000202b6f27c10 code [0x00000202b6f27de0, 0x00000202b6f28318]
Event: 4.131 Thread 0x00000202d1f8c770 1840       4       jdk.internal.math.FloatToDecimal::appendDigit (22 bytes)
Event: 4.131 Thread 0x00000202d1f8c770 nmethod 1840 0x00000202be7ba810 code [0x00000202be7ba9a0, 0x00000202be7baa78]
Event: 4.265 Thread 0x00000202d1f8c770 1841       4       java.util.concurrent.ConcurrentHashMap::spread (10 bytes)
Event: 4.265 Thread 0x00000202d1f8c770 nmethod 1841 0x00000202be7bab10 code [0x00000202be7bac80, 0x00000202be7bacf8]

GC Heap History (20 events):
Event: 2.226 GC heap before
{Heap before GC invocations=4 (full 0):
 garbage-first heap   total 260096K, used 154224K [0x0000000703a00000, 0x0000000800000000)
  region size 2048K, 76 young (155648K), 4 survivors (8192K)
 Metaspace       used 12826K, committed 13056K, reserved 1114112K
  class space    used 901K, committed 1024K, reserved 1048576K
}
Event: 2.229 GC heap after
{Heap after GC invocations=5 (full 0):
 garbage-first heap   total 260096K, used 6632K [0x0000000703a00000, 0x0000000800000000)
  region size 2048K, 4 young (8192K), 4 survivors (8192K)
 Metaspace       used 12826K, committed 13056K, reserved 1114112K
  class space    used 901K, committed 1024K, reserved 1048576K
}
Event: 2.378 GC heap before
{Heap before GC invocations=5 (full 0):
 garbage-first heap   total 260096K, used 154088K [0x0000000703a00000, 0x0000000800000000)
  region size 2048K, 76 young (155648K), 4 survivors (8192K)
 Metaspace       used 12845K, committed 13120K, reserved 1114112K
  class space    used 902K, committed 1024K, reserved 1048576K
}
Event: 2.382 GC heap after
{Heap after GC invocations=6 (full 0):
 garbage-first heap   total 260096K, used 6474K [0x0000000703a00000, 0x0000000800000000)
  region size 2048K, 4 young (8192K), 4 survivors (8192K)
 Metaspace       used 12845K, committed 13120K, reserved 1114112K
  class space    used 902K, committed 1024K, reserved 1048576K
}
Event: 2.542 GC heap before
{Heap before GC invocations=6 (full 0):
 garbage-first heap   total 260096K, used 153930K [0x0000000703a00000, 0x0000000800000000)
  region size 2048K, 76 young (155648K), 4 survivors (8192K)
 Metaspace       used 12849K, committed 13120K, reserved 1114112K
  class space    used 902K, committed 1024K, reserved 1048576K
}
Event: 2.545 GC heap after
{Heap after GC invocations=7 (full 0):
 garbage-first heap   total 313344K, used 6976K [0x0000000703a00000, 0x0000000800000000)
  region size 2048K, 4 young (8192K), 4 survivors (8192K)
 Metaspace       used 12849K, committed 13120K, reserved 1114112K
  class space    used 902K, committed 1024K, reserved 1048576K
}
Event: 2.739 GC heap before
{Heap before GC invocations=7 (full 0):
 garbage-first heap   total 313344K, used 185152K [0x0000000703a00000, 0x0000000800000000)
  region size 2048K, 91 young (186368K), 4 survivors (8192K)
 Metaspace       used 12871K, committed 13120K, reserved 1114112K
  class space    used 902K, committed 1024K, reserved 1048576K
}
Event: 2.742 GC heap after
{Heap after GC invocations=8 (full 0):
 garbage-first heap   total 313344K, used 6717K [0x0000000703a00000, 0x0000000800000000)
  region size 2048K, 4 young (8192K), 4 survivors (8192K)
 Metaspace       used 12871K, committed 13120K, reserved 1114112K
  class space    used 902K, committed 1024K, reserved 1048576K
}
Event: 2.926 GC heap before
{Heap before GC invocations=8 (full 0):
 garbage-first heap   total 313344K, used 184893K [0x0000000703a00000, 0x0000000800000000)
  region size 2048K, 91 young (186368K), 4 survivors (8192K)
 Metaspace       used 12875K, committed 13120K, reserved 1114112K
  class space    used 902K, committed 1024K, reserved 1048576K
}
Event: 2.930 GC heap after
{Heap after GC invocations=9 (full 0):
 garbage-first heap   total 313344K, used 6724K [0x0000000703a00000, 0x0000000800000000)
  region size 2048K, 4 young (8192K), 4 survivors (8192K)
 Metaspace       used 12875K, committed 13120K, reserved 1114112K
  class space    used 902K, committed 1024K, reserved 1048576K
}
Event: 3.123 GC heap before
{Heap before GC invocations=9 (full 0):
 garbage-first heap   total 313344K, used 184900K [0x0000000703a00000, 0x0000000800000000)
  region size 2048K, 91 young (186368K), 4 survivors (8192K)
 Metaspace       used 12886K, committed 13120K, reserved 1114112K
  class space    used 902K, committed 1024K, reserved 1048576K
}
Event: 3.127 GC heap after
{Heap after GC invocations=10 (full 0):
 garbage-first heap   total 313344K, used 6729K [0x0000000703a00000, 0x0000000800000000)
  region size 2048K, 4 young (8192K), 4 survivors (8192K)
 Metaspace       used 12886K, committed 13120K, reserved 1114112K
  class space    used 902K, committed 1024K, reserved 1048576K
}
Event: 3.311 GC heap before
{Heap before GC invocations=10 (full 0):
 garbage-first heap   total 313344K, used 184905K [0x0000000703a00000, 0x0000000800000000)
  region size 2048K, 91 young (186368K), 4 survivors (8192K)
 Metaspace       used 12920K, committed 13184K, reserved 1114112K
  class space    used 902K, committed 1024K, reserved 1048576K
}
Event: 3.314 GC heap after
{Heap after GC invocations=11 (full 0):
 garbage-first heap   total 376832K, used 6874K [0x0000000703a00000, 0x0000000800000000)
  region size 2048K, 4 young (8192K), 4 survivors (8192K)
 Metaspace       used 12920K, committed 13184K, reserved 1114112K
  class space    used 902K, committed 1024K, reserved 1048576K
}
Event: 3.544 GC heap before
{Heap before GC invocations=11 (full 0):
 garbage-first heap   total 376832K, used 223962K [0x0000000703a00000, 0x0000000800000000)
  region size 2048K, 110 young (225280K), 4 survivors (8192K)
 Metaspace       used 12929K, committed 13184K, reserved 1114112K
  class space    used 902K, committed 1024K, reserved 1048576K
}
Event: 3.547 GC heap after
{Heap after GC invocations=12 (full 0):
 garbage-first heap   total 376832K, used 6792K [0x0000000703a00000, 0x0000000800000000)
  region size 2048K, 4 young (8192K), 4 survivors (8192K)
 Metaspace       used 12929K, committed 13184K, reserved 1114112K
  class space    used 902K, committed 1024K, reserved 1048576K
}
Event: 3.778 GC heap before
{Heap before GC invocations=12 (full 0):
 garbage-first heap   total 376832K, used 223880K [0x0000000703a00000, 0x0000000800000000)
  region size 2048K, 110 young (225280K), 4 survivors (8192K)
 Metaspace       used 12940K, committed 13184K, reserved 1114112K
  class space    used 902K, committed 1024K, reserved 1048576K
}
Event: 3.781 GC heap after
{Heap after GC invocations=13 (full 0):
 garbage-first heap   total 376832K, used 6786K [0x0000000703a00000, 0x0000000800000000)
  region size 2048K, 4 young (8192K), 4 survivors (8192K)
 Metaspace       used 12940K, committed 13184K, reserved 1114112K
  class space    used 902K, committed 1024K, reserved 1048576K
}
Event: 4.013 GC heap before
{Heap before GC invocations=13 (full 0):
 garbage-first heap   total 376832K, used 223874K [0x0000000703a00000, 0x0000000800000000)
  region size 2048K, 110 young (225280K), 4 survivors (8192K)
 Metaspace       used 12965K, committed 13184K, reserved 1114112K
  class space    used 902K, committed 1024K, reserved 1048576K
}
Event: 4.016 GC heap after
{Heap after GC invocations=14 (full 0):
 garbage-first heap   total 376832K, used 6656K [0x0000000703a00000, 0x0000000800000000)
  region size 2048K, 4 young (8192K), 4 survivors (8192K)
 Metaspace       used 12965K, committed 13184K, reserved 1114112K
  class space    used 902K, committed 1024K, reserved 1048576K
}

Dll operation events (15 events):
Event: 0.005 Loaded shared library C:\Program Files\Java\jdk-19\bin\java.dll
Event: 0.013 Loaded shared library C:\Program Files\Java\jdk-19\bin\jsvml.dll
Event: 0.040 Loaded shared library C:\Program Files\Java\jdk-19\bin\net.dll
Event: 0.042 Loaded shared library C:\Program Files\Java\jdk-19\bin\nio.dll
Event: 0.047 Loaded shared library C:\Program Files\Java\jdk-19\bin\zip.dll
Event: 0.061 Loaded shared library C:\Program Files\Java\jdk-19\bin\verify.dll
Event: 0.163 Loaded shared library C:\Program Files\Java\jdk-19\bin\jimage.dll
Event: 0.167 Loaded shared library C:\Program Files\Java\jdk-19\bin\awt.dll
Event: 0.461 Loaded shared library C:\Users\sethr\AppData\Local\Temp\jogamp_0000\file_cache\jln14333989728356791015\jln15436400517030299075\natives\windows-amd64\gluegen-rt.dll
Event: 0.469 Loaded shared library C:\Program Files\Java\jdk-19\bin\jawt.dll
Event: 0.471 Loaded shared library C:\Users\sethr\AppData\Local\Temp\jogamp_0000\file_cache\jln14333989728356791015\jln15436400517030299075\natives\windows-amd64\nativewindow_awt.dll
Event: 0.491 Loaded shared library C:\Users\sethr\AppData\Local\Temp\jogamp_0000\file_cache\jln14333989728356791015\jln15436400517030299075\natives\windows-amd64\nativewindow_win32.dll
Event: 0.499 Loaded shared library C:\Users\sethr\AppData\Local\Temp\jogamp_0000\file_cache\jln14333989728356791015\jln15436400517030299075\natives\windows-amd64\newt.dll
Event: 0.687 Loaded shared library C:\Users\sethr\AppData\Local\Temp\jogamp_0000\file_cache\jln14333989728356791015\jln15436400517030299075\natives\windows-amd64\jogl_desktop.dll
Event: 0.732 Loaded shared library C:\Users\sethr\AppData\Local\Temp\jogamp_0000\file_cache\jln14333989728356791015\jln15436400517030299075\natives\windows-amd64\jogl_mobile.dll

Deoptimization events (20 events):
Event: 1.892 Thread 0x00000202d6f027c0 DEOPT PACKING pc=0x00000202b6e6b931 sp=0x0000006fe26fefd0
Event: 1.892 Thread 0x00000202d6f027c0 DEOPT UNPACKING pc=0x00000202be1ab0e3 sp=0x0000006fe26fe4e8 mode 0
Event: 1.913 Thread 0x00000202d6f027c0 DEOPT PACKING pc=0x00000202b6eb9706 sp=0x0000006fe26ff010
Event: 1.913 Thread 0x00000202d6f027c0 DEOPT UNPACKING pc=0x00000202be1ab0e3 sp=0x0000006fe26fe4f0 mode 0
Event: 1.917 Thread 0x00000202d6f027c0 DEOPT PACKING pc=0x00000202b6e5ac0d sp=0x0000006fe26feec0
Event: 1.917 Thread 0x00000202d6f027c0 DEOPT UNPACKING pc=0x00000202be1ab0e3 sp=0x0000006fe26fe390 mode 0
Event: 1.917 Thread 0x00000202d6f027c0 DEOPT PACKING pc=0x00000202b6e5ac2e sp=0x0000006fe26feec0
Event: 1.917 Thread 0x00000202d6f027c0 DEOPT UNPACKING pc=0x00000202be1ab0e3 sp=0x0000006fe26fe390 mode 0
Event: 1.923 Thread 0x00000202d6f027c0 DEOPT PACKING pc=0x00000202b6eb9706 sp=0x0000006fe26ff010
Event: 1.923 Thread 0x00000202d6f027c0 DEOPT UNPACKING pc=0x00000202be1ab0e3 sp=0x0000006fe26fe4f0 mode 0
Event: 1.942 Thread 0x00000202d6f027c0 DEOPT PACKING pc=0x00000202b6eb9706 sp=0x0000006fe26ff010
Event: 1.942 Thread 0x00000202d6f027c0 DEOPT UNPACKING pc=0x00000202be1ab0e3 sp=0x0000006fe26fe4f0 mode 0
Event: 1.959 Thread 0x00000202d6f027c0 DEOPT PACKING pc=0x00000202b6eb9706 sp=0x0000006fe26ff010
Event: 1.959 Thread 0x00000202d6f027c0 DEOPT UNPACKING pc=0x00000202be1ab0e3 sp=0x0000006fe26fe4f0 mode 0
Event: 1.976 Thread 0x00000202d6f027c0 DEOPT PACKING pc=0x00000202b6eb9706 sp=0x0000006fe26ff010
Event: 1.976 Thread 0x00000202d6f027c0 DEOPT UNPACKING pc=0x00000202be1ab0e3 sp=0x0000006fe26fe4f0 mode 0
Event: 4.254 Thread 0x00000202d6f047a0 Uncommon trap: trap_request=0xffffff45 fr.pc=0x00000202be76ee00 relative=0x0000000000000060
Event: 4.254 Thread 0x00000202d6f047a0 Uncommon trap: reason=unstable_if action=reinterpret pc=0x00000202be76ee00 method=java.util.HashMap.keySet()Ljava/util/Set; @ 6 c2
Event: 4.254 Thread 0x00000202d6f047a0 DEOPT PACKING pc=0x00000202be76ee00 sp=0x0000006fe19ff330
Event: 4.254 Thread 0x00000202d6f047a0 DEOPT UNPACKING pc=0x00000202be1aa5a3 sp=0x0000006fe19ff2c8 mode 2

Classes loaded (20 events):
Event: 1.476 Loading class java/util/LinkedList$Node
Event: 1.476 Loading class java/util/LinkedList$Node done
Event: 1.489 Loading class sun/awt/AppContext$PostShutdownEventRunnable
Event: 1.489 Loading class sun/awt/AppContext$PostShutdownEventRunnable done
Event: 1.489 Loading class sun/awt/AWTAutoShutdown$1
Event: 1.489 Loading class sun/awt/AWTAutoShutdown$1 done
Event: 1.595 Loading class sun/nio/cs/StreamDecoder
Event: 1.595 Loading class sun/nio/cs/StreamDecoder done
Event: 1.595 Loading class java/util/regex/Pattern$LookBehindEndNode
Event: 1.595 Loading class java/util/regex/Pattern$LookBehindEndNode done
Event: 1.595 Loading class java/util/regex/Pattern$NotBehind
Event: 1.595 Loading class java/util/regex/Pattern$NotBehind done
Event: 1.595 Loading class java/util/regex/Pattern$Neg
Event: 1.595 Loading class java/util/regex/Pattern$Neg done
Event: 1.596 Loading class java/util/regex/Pattern$Pos
Event: 1.596 Loading class java/util/regex/Pattern$Pos done
Event: 1.603 Loading class java/util/regex/Pattern$SliceS
Event: 1.603 Loading class java/util/regex/Pattern$SliceS done
Event: 4.232 Loading class java/nio/channels/ClosedChannelException
Event: 4.232 Loading class java/nio/channels/ClosedChannelException done

Classes unloaded (0 events):
No events

Classes redefined (0 events):
No events

Internal exceptions (20 events):
Event: 4.079 Thread 0x00000202d6f027c0 Exception <a 'java/io/IOException'{0x0000000716da9ac8}> (0x0000000716da9ac8) 
thrown [s\open\src\hotspot\share\prims\jni.cpp, line 517]
Event: 4.096 Thread 0x00000202d6f027c0 Exception <a 'java/io/IOException'{0x0000000715cad330}> (0x0000000715cad330) 
thrown [s\open\src\hotspot\share\prims\jni.cpp, line 517]
Event: 4.096 Thread 0x00000202d6f027c0 Exception <a 'java/io/IOException'{0x0000000715cad648}> (0x0000000715cad648) 
thrown [s\open\src\hotspot\share\prims\jni.cpp, line 517]
Event: 4.113 Thread 0x00000202d6f027c0 Exception <a 'java/io/IOException'{0x0000000714faade8}> (0x0000000714faade8) 
thrown [s\open\src\hotspot\share\prims\jni.cpp, line 517]
Event: 4.113 Thread 0x00000202d6f027c0 Exception <a 'java/io/IOException'{0x0000000714fab100}> (0x0000000714fab100) 
thrown [s\open\src\hotspot\share\prims\jni.cpp, line 517]
Event: 4.131 Thread 0x00000202d6f027c0 Exception <a 'java/io/IOException'{0x0000000713eb0450}> (0x0000000713eb0450) 
thrown [s\open\src\hotspot\share\prims\jni.cpp, line 517]
Event: 4.131 Thread 0x00000202d6f027c0 Exception <a 'java/io/IOException'{0x0000000713eb0768}> (0x0000000713eb0768) 
thrown [s\open\src\hotspot\share\prims\jni.cpp, line 517]
Event: 4.148 Thread 0x00000202d6f027c0 Exception <a 'java/io/IOException'{0x00000007131ac9a0}> (0x00000007131ac9a0) 
thrown [s\open\src\hotspot\share\prims\jni.cpp, line 517]
Event: 4.148 Thread 0x00000202d6f027c0 Exception <a 'java/io/IOException'{0x00000007131accb8}> (0x00000007131accb8) 
thrown [s\open\src\hotspot\share\prims\jni.cpp, line 517]
Event: 4.163 Thread 0x00000202d6f027c0 Exception <a 'java/io/IOException'{0x00000007120ade08}> (0x00000007120ade08) 
thrown [s\open\src\hotspot\share\prims\jni.cpp, line 517]
Event: 4.163 Thread 0x00000202d6f027c0 Exception <a 'java/io/IOException'{0x00000007120ae120}> (0x00000007120ae120) 
thrown [s\open\src\hotspot\share\prims\jni.cpp, line 517]
Event: 4.179 Thread 0x00000202d6f027c0 Exception <a 'java/io/IOException'{0x00000007113c15c8}> (0x00000007113c15c8) 
thrown [s\open\src\hotspot\share\prims\jni.cpp, line 517]
Event: 4.179 Thread 0x00000202d6f027c0 Exception <a 'java/io/IOException'{0x00000007113c18e0}> (0x00000007113c18e0) 
thrown [s\open\src\hotspot\share\prims\jni.cpp, line 517]
Event: 4.196 Thread 0x00000202d6f027c0 Exception <a 'java/io/IOException'{0x00000007102d7858}> (0x00000007102d7858) 
thrown [s\open\src\hotspot\share\prims\jni.cpp, line 517]
Event: 4.196 Thread 0x00000202d6f027c0 Exception <a 'java/io/IOException'{0x00000007102d7b70}> (0x00000007102d7b70) 
thrown [s\open\src\hotspot\share\prims\jni.cpp, line 517]
Event: 4.213 Thread 0x00000202d6f027c0 Exception <a 'java/io/IOException'{0x000000070f5fd128}> (0x000000070f5fd128) 
thrown [s\open\src\hotspot\share\prims\jni.cpp, line 517]
Event: 4.213 Thread 0x00000202d6f027c0 Exception <a 'java/io/IOException'{0x000000070f5fd440}> (0x000000070f5fd440) 
thrown [s\open\src\hotspot\share\prims\jni.cpp, line 517]
Event: 4.230 Thread 0x00000202d6f027c0 Exception <a 'java/io/IOException'{0x000000070e523040}> (0x000000070e523040) 
thrown [s\open\src\hotspot\share\prims\jni.cpp, line 517]
Event: 4.230 Thread 0x00000202d6f027c0 Exception <a 'java/io/IOException'{0x000000070e523358}> (0x000000070e523358) 
thrown [s\open\src\hotspot\share\prims\jni.cpp, line 517]
Event: 4.232 Thread 0x00000202d6f05240 Exception <a 'java/lang/InterruptedException'{0x000000070e200000}> (0x000000070e200000) 
thrown [s\open\src\hotspot\share\runtime\objectMonitor.cpp, line 1648]

VM Operations (20 events):
Event: 2.229 Executing VM operation: G1CollectForAllocation done
Event: 2.378 Executing VM operation: G1CollectForAllocation
Event: 2.382 Executing VM operation: G1CollectForAllocation done
Event: 2.541 Executing VM operation: G1CollectForAllocation
Event: 2.545 Executing VM operation: G1CollectForAllocation done
Event: 2.739 Executing VM operation: G1CollectForAllocation
Event: 2.742 Executing VM operation: G1CollectForAllocation done
Event: 2.926 Executing VM operation: G1CollectForAllocation
Event: 2.930 Executing VM operation: G1CollectForAllocation done
Event: 3.123 Executing VM operation: G1CollectForAllocation
Event: 3.127 Executing VM operation: G1CollectForAllocation done
Event: 3.311 Executing VM operation: G1CollectForAllocation
Event: 3.314 Executing VM operation: G1CollectForAllocation done
Event: 3.544 Executing VM operation: G1CollectForAllocation
Event: 3.547 Executing VM operation: G1CollectForAllocation done
Event: 3.778 Executing VM operation: G1CollectForAllocation
Event: 3.781 Executing VM operation: G1CollectForAllocation done
Event: 4.013 Executing VM operation: G1CollectForAllocation
Event: 4.016 Executing VM operation: G1CollectForAllocation done
Event: 4.334 Executing VM operation: Exit

Events (20 events):
Event: 1.419 Thread 0x00000202d6f027c0 Thread added: 0x00000202d6f027c0
Event: 1.419 Thread 0x00000202aec9a5f0 Thread exited: 0x00000202aec9a5f0
Event: 1.419 Thread 0x00000202d6f04250 Thread added: 0x00000202d6f04250
Event: 1.489 Thread 0x00000202d1f87d00 Thread exited: 0x00000202d1f87d00
Event: 1.489 Thread 0x00000202d1f887a0 Thread exited: 0x00000202d1f887a0
Event: 1.497 Thread 0x00000202ddc71790 Thread added: 0x00000202ddc71790
Event: 1.766 Thread 0x00000202e52c23d0 Thread added: 0x00000202e52c23d0
Event: 2.099 Thread 0x00000202e52c23d0 Thread exited: 0x00000202e52c23d0
Event: 2.099 Thread 0x00000202ddc71790 Thread exited: 0x00000202ddc71790
Event: 4.232 Thread 0x00000202d6eff2a0 Thread added: 0x00000202d6eff2a0
Event: 4.232 Thread 0x00000202d6f05240 Thread exited: 0x00000202d6f05240
Event: 4.232 Thread 0x00000202d6f047a0 Thread added: 0x00000202d6f047a0
Event: 4.232 Thread 0x00000202d6f06780 Thread added: 0x00000202d6f06780
Event: 4.232 Thread 0x00000202d6f00d30 Thread added: 0x00000202d6f00d30
Event: 4.232 Thread 0x00000202d6f06780 Thread exited: 0x00000202d6f06780
Event: 4.233 Thread 0x00000202d1f86270 Thread exited: 0x00000202d1f86270
Event: 4.235 Thread 0x00000202d1f88250 Thread exited: 0x00000202d1f88250
Event: 4.263 Thread 0x00000202d1f85280 Thread exited: 0x00000202d1f85280
Event: 4.265 Thread 0x00000202d6f047a0 Thread exited: 0x00000202d6f047a0
Event: 4.333 Thread 0x00000202d6eff2a0 Thread exited: 0x00000202d6eff2a0


Dynamic libraries:
0x00007ff6fc2f0000 - 0x00007ff6fc300000 	C:\Program Files\Java\jdk-19\bin\javaw.exe
0x00007fff5aa10000 - 0x00007fff5ac08000 	C:\windows\SYSTEM32\ntdll.dll
0x00007fff59230000 - 0x00007fff592ef000 	C:\windows\System32\KERNEL32.DLL
0x00007fff58500000 - 0x00007fff587d2000 	C:\windows\System32\KERNELBASE.dll
0x00007fff581b0000 - 0x00007fff582b0000 	C:\windows\System32\ucrtbase.dll
0x00007fff4f6e0000 - 0x00007fff4f6f8000 	C:\Program Files\Java\jdk-19\bin\jli.dll
0x00007fff5a080000 - 0x00007fff5a12e000 	C:\windows\System32\ADVAPI32.dll
0x00007fff58e10000 - 0x00007fff58eae000 	C:\windows\System32\msvcrt.dll
0x00007fff59b20000 - 0x00007fff59bbc000 	C:\windows\System32\sechost.dll
0x00007fff4f6a0000 - 0x00007fff4f6bb000 	C:\Program Files\Java\jdk-19\bin\VCRUNTIME140.dll
0x00007fff59bc0000 - 0x00007fff59ce5000 	C:\windows\System32\RPCRT4.dll
0x00007fff58c50000 - 0x00007fff58df1000 	C:\windows\System32\USER32.dll
0x00007fff582b0000 - 0x00007fff582d2000 	C:\windows\System32\win32u.dll
0x00007fff3ac50000 - 0x00007fff3aeea000 	C:\windows\WinSxS\amd64_microsoft.windows.common-controls_6595b64144ccf1df_6.0.19041.1110_none_60b5254171f9507e\COMCTL32.dll
0x00007fff58a50000 - 0x00007fff58a7b000 	C:\windows\System32\GDI32.dll
0x00007fff582e0000 - 0x00007fff583ef000 	C:\windows\System32\gdi32full.dll
0x00007fff583f0000 - 0x00007fff5848d000 	C:\windows\System32\msvcp_win.dll
0x00007fff4df70000 - 0x00007fff4df7a000 	C:\windows\SYSTEM32\VERSION.dll
0x00007fff59d60000 - 0x00007fff59d92000 	C:\windows\System32\IMM32.DLL
0x00007fff4f6d0000 - 0x00007fff4f6dc000 	C:\Program Files\Java\jdk-19\bin\vcruntime140_1.dll
0x00007fff09790000 - 0x00007fff0981e000 	C:\Program Files\Java\jdk-19\bin\msvcp140.dll
0x00007ffea08a0000 - 0x00007ffea1560000 	C:\Program Files\Java\jdk-19\bin\server\jvm.dll
0x00007fff3b310000 - 0x00007fff3b319000 	C:\windows\SYSTEM32\WSOCK32.dll
0x00007fff32a10000 - 0x00007fff32a37000 	C:\windows\SYSTEM32\WINMM.dll
0x00007fff59cf0000 - 0x00007fff59d5b000 	C:\windows\System32\WS2_32.dll
0x00007fff56950000 - 0x00007fff56962000 	C:\windows\SYSTEM32\kernel.appcore.dll
0x00007fff4f690000 - 0x00007fff4f69a000 	C:\Program Files\Java\jdk-19\bin\jimage.dll
0x00007fff55ea0000 - 0x00007fff56084000 	C:\windows\SYSTEM32\DBGHELP.DLL
0x00007fff3b2d0000 - 0x00007fff3b305000 	C:\windows\SYSTEM32\dbgcore.DLL
0x00007fff589c0000 - 0x00007fff58a42000 	C:\windows\System32\bcryptPrimitives.dll
0x00007fff39800000 - 0x00007fff39826000 	C:\Program Files\Java\jdk-19\bin\java.dll
0x00007fff05ad0000 - 0x00007fff05ba7000 	C:\Program Files\Java\jdk-19\bin\jsvml.dll
0x00007fff5a130000 - 0x00007fff5a874000 	C:\windows\System32\SHELL32.dll
0x00007fff56090000 - 0x00007fff56822000 	C:\windows\SYSTEM32\windows.storage.dll
0x00007fff597c0000 - 0x00007fff59b15000 	C:\windows\System32\combase.dll
0x00007fff57af0000 - 0x00007fff57b20000 	C:\windows\SYSTEM32\Wldp.dll
0x00007fff58ba0000 - 0x00007fff58c4d000 	C:\windows\System32\SHCORE.dll
0x00007fff58f30000 - 0x00007fff58f85000 	C:\windows\System32\shlwapi.dll
0x00007fff58040000 - 0x00007fff5805f000 	C:\windows\SYSTEM32\profapi.dll
0x00007fff3ecd0000 - 0x00007fff3ece3000 	C:\Program Files\Java\jdk-19\bin\net.dll
0x00007fff526f0000 - 0x00007fff527fc000 	C:\windows\SYSTEM32\WINHTTP.dll
0x00007fff57850000 - 0x00007fff578ba000 	C:\windows\system32\mswsock.dll
0x00007fff3c830000 - 0x00007fff3c846000 	C:\Program Files\Java\jdk-19\bin\nio.dll
0x00007fff399b0000 - 0x00007fff399c8000 	C:\Program Files\Java\jdk-19\bin\zip.dll
0x00007fff397e0000 - 0x00007fff397f0000 	C:\Program Files\Java\jdk-19\bin\verify.dll
0x00007fff05930000 - 0x00007fff05ac1000 	C:\Program Files\Java\jdk-19\bin\awt.dll
0x00007fff5a900000 - 0x00007fff5a9cd000 	C:\windows\System32\OLEAUT32.dll
0x00007fff55520000 - 0x00007fff555b1000 	C:\windows\SYSTEM32\apphelp.dll
0x00007fff556c0000 - 0x00007fff5575e000 	C:\windows\system32\uxtheme.dll
0x00007fff58a80000 - 0x00007fff58b95000 	C:\windows\System32\MSCTF.dll
0x00007fff59da0000 - 0x00007fff59eca000 	C:\windows\System32\ole32.dll
0x00007fff557f0000 - 0x00007fff5581f000 	C:\windows\system32\DWMAPI.DLL
0x00007fff30c60000 - 0x00007fff30d85000 	C:\windows\system32\opengl32.dll
0x00007fff32d80000 - 0x00007fff32dac000 	C:\windows\SYSTEM32\GLU32.dll
0x00007fff57a40000 - 0x00007fff57a58000 	C:\windows\SYSTEM32\CRYPTSP.dll
0x00007fff57100000 - 0x00007fff57134000 	C:\windows\system32\rsaenh.dll
0x00007fff58830000 - 0x00007fff58857000 	C:\windows\System32\bcrypt.dll
0x00007fff58000000 - 0x00007fff5802e000 	C:\windows\SYSTEM32\USERENV.dll
0x00007fff57a60000 - 0x00007fff57a6c000 	C:\windows\SYSTEM32\CRYPTBASE.dll
0x00007fff57540000 - 0x00007fff5757b000 	C:\windows\SYSTEM32\IPHLPAPI.DLL
0x00007fff59220000 - 0x00007fff59228000 	C:\windows\System32\NSI.dll
0x00007fff4e4c0000 - 0x00007fff4e4d7000 	C:\windows\SYSTEM32\dhcpcsvc6.DLL
0x00007fff4e4a0000 - 0x00007fff4e4bd000 	C:\windows\SYSTEM32\dhcpcsvc.DLL
0x00007fff57580000 - 0x00007fff5764a000 	C:\windows\SYSTEM32\DNSAPI.dll
0x00000000637c0000 - 0x00000000637cd000 	C:\Users\sethr\AppData\Local\Temp\jogamp_0000\file_cache\jln14333989728356791015\jln15436400517030299075\natives\windows-amd64\gluegen-rt.dll
0x00007fff39700000 - 0x00007fff39707000 	C:\Program Files\Java\jdk-19\bin\jawt.dll
0x000000006a440000 - 0x000000006a44d000 	C:\Users\sethr\AppData\Local\Temp\jogamp_0000\file_cache\jln14333989728356791015\jln15436400517030299075\natives\windows-amd64\nativewindow_awt.dll
0x000000006c100000 - 0x000000006c10f000 	C:\Users\sethr\AppData\Local\Temp\jogamp_0000\file_cache\jln14333989728356791015\jln15436400517030299075\natives\windows-amd64\nativewindow_win32.dll
0x000000006cbc0000 - 0x000000006cbd3000 	C:\Users\sethr\AppData\Local\Temp\jogamp_0000\file_cache\jln14333989728356791015\jln15436400517030299075\natives\windows-amd64\newt.dll
0x00007fff51e70000 - 0x00007fff51f1e000 	C:\windows\SYSTEM32\mscms.dll
0x00007fff51e50000 - 0x00007fff51e61000 	C:\windows\SYSTEM32\ColorAdapterClient.dll
0x00007fff4ee90000 - 0x00007fff4eed3000 	C:\windows\SYSTEM32\icm32.dll
0x00007fff592f0000 - 0x00007fff59758000 	C:\windows\System32\setupapi.dll
0x00007fff587e0000 - 0x00007fff5882e000 	C:\windows\System32\cfgmgr32.dll
0x00007fff57e40000 - 0x00007fff57e6c000 	C:\windows\SYSTEM32\DEVOBJ.dll
0x00007fff58490000 - 0x00007fff584f9000 	C:\windows\System32\WINTRUST.dll
0x00007fff58860000 - 0x00007fff589b6000 	C:\windows\System32\CRYPT32.dll
0x00007fff57c80000 - 0x00007fff57c92000 	C:\windows\SYSTEM32\MSASN1.dll
0x0000000064500000 - 0x00000000645b1000 	C:\Users\sethr\AppData\Local\Temp\jogamp_0000\file_cache\jln14333989728356791015\jln15436400517030299075\natives\windows-amd64\jogl_desktop.dll
0x00007fff2a690000 - 0x00007fff2ac9b000 	C:\Program Files\Oculus\Support\oculus-runtime\libGLESv2.dll
0x00007fff569c0000 - 0x00007fff56ab3000 	C:\windows\SYSTEM32\dxgi.dll
0x00007fff2aca0000 - 0x00007fff2acd8000 	C:\Program Files\Oculus\Support\oculus-runtime\libEGL.dll
0x0000000064340000 - 0x00000000643a2000 	C:\Users\sethr\AppData\Local\Temp\jogamp_0000\file_cache\jln14333989728356791015\jln15436400517030299075\natives\windows-amd64\jogl_mobile.dll
0x00007fff58f90000 - 0x00007fff5903f000 	C:\windows\System32\clbcatq.dll
0x00007ffe98c80000 - 0x00007ffe99c80000 	C:\windows\System32\DriverStore\FileRepository\iigd_dch.inf_amd64_14d6d9e2312c79ae\igxelpicd64.dll
0x00007ffeff8c0000 - 0x00007ffeffd24000 	C:\windows\System32\DriverStore\FileRepository\iigd_dch.inf_amd64_14d6d9e2312c79ae\igdml64.dll
0x00007fff4c210000 - 0x00007fff4c5cd000 	C:\windows\System32\DriverStore\FileRepository\iigd_dch.inf_amd64_14d6d9e2312c79ae\igdgmm64.dll
0x00007fff48fd0000 - 0x00007fff4c208000 	C:\windows\System32\DriverStore\FileRepository\iigd_dch.inf_amd64_14d6d9e2312c79ae\igc64.dll
0x00007fff57ec0000 - 0x00007fff57f0b000 	C:\windows\SYSTEM32\powrprof.dll
0x00007fff57ea0000 - 0x00007fff57eb2000 	C:\windows\SYSTEM32\UMPDC.dll
0x00007fff3caf0000 - 0x00007fff3cbe9000 	C:\windows\SYSTEM32\textinputframework.dll
0x00007fff54c10000 - 0x00007fff54f6e000 	C:\windows\System32\CoreUIComponents.dll
0x00007fff552f0000 - 0x00007fff553e2000 	C:\windows\System32\CoreMessaging.dll
0x00007fff57290000 - 0x00007fff572c3000 	C:\windows\SYSTEM32\ntmarta.dll
0x00007fff53b50000 - 0x00007fff53ca4000 	C:\windows\SYSTEM32\wintypes.dll
0x00007fff1caf0000 - 0x00007fff1cb56000 	C:\windows\system32\Oleacc.dll

dbghelp: loaded successfully - version: 4.0.5 - missing functions: none
symbol engine: initialized successfully - sym options: 0x614 - pdb path: .;C:\Program Files\Java\jdk-19\bin;C:\windows\SYSTEM32;C:\windows\WinSxS\amd64_microsoft.windows.common-controls_6595b64144ccf1df_6.0.19041.1110_none_60b5254171f9507e;C:\Program Files\Java\jdk-19\bin\server;C:\Users\sethr\AppData\Local\Temp\jogamp_0000\file_cache\jln14333989728356791015\jln15436400517030299075\natives\windows-amd64;C:\Program Files\Oculus\Support\oculus-runtime;C:\windows\System32\DriverStore\FileRepository\iigd_dch.inf_amd64_14d6d9e2312c79ae

VM Arguments:
java_command: C:\Users\sethr\VSCode\Portfolio\client\public\projects\Crystal Simulator\sim.jar
java_class_path (initial): C:\Users\sethr\VSCode\Portfolio\client\public\projects\Crystal Simulator\sim.jar
Launcher Type: SUN_STANDARD

[Global flags]
     intx CICompilerCount                          = 4                                         {product} {ergonomic}
     uint ConcGCThreads                            = 2                                         {product} {ergonomic}
     uint G1ConcRefinementThreads                  = 8                                         {product} {ergonomic}
   size_t G1HeapRegionSize                         = 2097152                                   {product} {ergonomic}
    uintx GCDrainStackTargetSize                   = 64                                        {product} {ergonomic}
   size_t InitialHeapSize                          = 266338304                                 {product} {ergonomic}
   size_t MarkStackSize                            = 4194304                                   {product} {ergonomic}
   size_t MaxHeapSize                              = 4234149888                                {product} {ergonomic}
   size_t MaxNewSize                               = 2539651072                                {product} {ergonomic}
   size_t MinHeapDeltaBytes                        = 2097152                                   {product} {ergonomic}
   size_t MinHeapSize                              = 8388608                                   {product} {ergonomic}
    uintx NonNMethodCodeHeapSize                   = 5839372                                {pd product} {ergonomic}
    uintx NonProfiledCodeHeapSize                  = 122909434                              {pd product} {ergonomic}
    uintx ProfiledCodeHeapSize                     = 122909434                              {pd product} {ergonomic}
    uintx ReservedCodeCacheSize                    = 251658240                              {pd product} {ergonomic}
     bool SegmentedCodeCache                       = true                                      {product} {ergonomic}
   size_t SoftMaxHeapSize                          = 4234149888                             {manageable} {ergonomic}
     bool UseCompressedClassPointers               = true                           {product lp64_product} {ergonomic}
     bool UseCompressedOops                        = true                           {product lp64_product} {ergonomic}
     bool UseG1GC                                  = true                                      {product} {ergonomic}
     bool UseLargePagesIndividualAllocation        = false                                  {pd product} {ergonomic}

Logging:
Log output configuration:
 #0: stdout all=off uptime,level,tags foldmultilines=false
 #1: stderr all=off uptime,level,tags foldmultilines=false

Environment Variables:
PATH=C:\Program Files\Oculus\Support\oculus-runtime;C:\Program Files\Common Files\Oracle\Java\javapath;C:\Program Files (x86)\Common Files\Oracle\Java\javapath;C:\windows\system32;C:\windows;C:\windows\System32\Wbem;C:\windows\System32\WindowsPowerShell\v1.0\;C:\windows\System32\OpenSSH\;C:\MinGW\mingw32\bin;C:\ProgramData\chocolatey\bin;C:\ProgramData\chocolatey\bin\make.exe;C:\Program Files\Git\cmd;C:\Program Files\nodejs\;C:\Users\sethr\AppData\Local\Programs\Python\Python39\Scripts\;C:\Users\sethr\AppData\Local\Programs\Python\Python39\;C:\Users\sethr\AppData\Local\Microsoft\WindowsApps;C:\Users\sethr\AppData\Local\Programs\Microsoft VS Code\bin;C:\Users\sethr\AppData\Local\GitHubDesktop\bin;C:\Users\sethr\AppData\Roaming\npm
USERNAME=sethr
OS=Windows_NT
PROCESSOR_IDENTIFIER=Intel64 Family 6 Model 140 Stepping 1, GenuineIntel
TMP=C:\Users\sethr\AppData\Local\Temp
TEMP=C:\Users\sethr\AppData\Local\Temp



---------------  S Y S T E M  ---------------

OS:
 Windows 10 , 64 bit Build 19041 (10.0.19041.2364)
OS uptime: 2 days 12:31 hours

CPU: total 8 (initial active 8) (4 cores per cpu, 2 threads per core) family 6 model 140 stepping 1 microcode 0x9a, cx8, cmov, fxsr, ht, mmx, 3dnowpref, sse, sse2, sse3, ssse3, sse4.1, sse4.2, popcnt, lzcnt, tsc, tscinvbit, avx, avx2, aes, erms, clmul, bmi1, bmi2, adx, avx512f, avx512dq, avx512cd, avx512bw, avx512vl, sha, fma, vzeroupper, avx512_vpopcntdq, avx512_vpclmulqdq, avx512_vaes, avx512_vnni, clflush, clflushopt, clwb, avx512_vbmi2, avx512_vbmi, rdtscp, rdpid, fsrm, gfni, avx512_bitalg

Memory: 4k page, system-wide physical 16149M (3537M free)
TotalPageFile size 34581M (AvailPageFile size 12843M)
current process WorkingSet (physical memory assigned to process): 522M, peak: 530M
current process commit charge ("private bytes"): 609M, peak: 620M

vm_info: Java HotSpot(TM) 64-Bit Server VM (19.0.1+10-21) for windows-amd64 JRE (19.0.1+10-21), built on 2022-09-14T12:45:06Z by "mach5one" with MS VC++ 17.1 (VS2022)

END.
